android/app/proguard-rules.pro
# Add project specific ProGuard rules here.
# By default, the flags in this file are appended to flags specified
# in /usr/local/Cellar/android-sdk/24.3.3/tools/proguard/proguard-android.txt
# You can edit the include path and order by changing the proguardFiles
# directive in build.gradle.
#
# For more details, see
#   http://developer.android.com/guide/developing/tools/proguard.html

# Add any project specific keep options here:

# React Native
-keep class com.facebook.react.** { *; }
-keep class com.facebook.hermes.** { *; }
-keep class com.swmansion.reanimated.** { *; }
-dontwarn com.facebook.react.**
-dontwarn com.facebook.hermes.**

# Keep our app's classes
-keep class com.pdfmonitorapp.** { *; }
-keep class com.pdfmonitorapp.FileMonitorModule { *; }
-keep class com.pdfmonitorapp.FileMonitorPackage { *; }

# PDF Box
-keep class org.apache.pdfbox.** { *; }
-dontwarn org.apache.pdfbox.**
-dontwarn org.bouncycastle.**
-dontwarn org.apache.commons.**
-dontwarn java.awt.**
-dontwarn javax.swing.**
-dontwarn javax.xml.**
-dontwarn org.w3c.dom.**
-dontwarn org.osgi.**

# Apache POI
-keep class org.apache.poi.** { *; }
-dontwarn org.apache.poi.**
-dontwarn org.apache.xmlbeans.**
-dontwarn org.openxmlformats.**
-dontwarn org.etsi.**
-dontwarn org.w3.**
-dontwarn com.microsoft.schemas.**
-dontwarn com.graphbuilder.**

# Common Android
-keepclassmembers class * implements android.os.Parcelable {
    static ** CREATOR;
}

-keepclassmembers class * implements java.io.Serializable {
    static final long serialVersionUID;
    private static final java.io.ObjectStreamField[] serialPersistentFields;
    !static !transient <fields>;
    private void writeObject(java.io.ObjectOutputStream);
    private void readObject(java.io.ObjectInputStream);
    java.lang.Object writeReplace();
    java.lang.Object readResolve();
}

# Hermes
-keep class com.facebook.hermes.unicode.** { *; }
-keep class com.facebook.jni.** { *; }

# Keep native methods
-keepclasseswithmembernames class * {
    native <methods>;
}

# Missing classes from errors
-dontwarn java.awt.Shape
-dontwarn java.awt.geom.AffineTransform
-dontwarn java.awt.geom.GeneralPath
-dontwarn java.awt.geom.PathIterator
-dontwarn java.awt.geom.Point2D$Float
-dontwarn java.awt.geom.Point2D
-dontwarn java.awt.geom.Rectangle2D
-dontwarn org.osgi.framework.Bundle
-dontwarn org.osgi.framework.BundleContext
-dontwarn org.osgi.framework.FrameworkUtil
-dontwarn org.osgi.framework.ServiceReference