android/app/build/outputs/mapping/release/configuration.txt
# The proguard configuration file for the following section is default_proguard_files/global/proguard-android.txt-8.1.1
# This is a configuration file for ProGuard.
# http://proguard.sourceforge.net/index.html#manual/usage.html
#
# Starting with version 2.2 of the Android plugin for Gradle, this file is distributed together with
# the plugin and unpacked at build-time. The files in $ANDROID_HOME are no longer maintained and
# will be ignored by new version of the Android plugin for Gradle.

# Optimization is turned off by default. Dex does not like code run
# through the ProGuard optimize steps (and performs some
# of these optimizations on its own).
# Note that if you want to enable optimization, you cannot just
# include optimization flags in your own project configuration file;
# instead you will need to point to the
# "proguard-android-optimize.txt" file instead of this one from your
# project.properties file.
-dontoptimize

-dontusemixedcaseclassnames
-dontskipnonpubliclibraryclasses
-verbose

# Preserve some attributes that may be required for reflection.
-keepattributes AnnotationDefault,
                EnclosingMethod,
                InnerClasses,
                RuntimeVisibleAnnotations,
                RuntimeVisibleParameterAnnotations,
                RuntimeVisibleTypeAnnotations,
                Signature

-keep public class com.google.vending.licensing.ILicensingService
-keep public class com.android.vending.licensing.ILicensingService
-keep public class com.google.android.vending.licensing.ILicensingService
-dontnote com.android.vending.licensing.ILicensingService
-dontnote com.google.vending.licensing.ILicensingService
-dontnote com.google.android.vending.licensing.ILicensingService

# For native methods, see http://proguard.sourceforge.net/manual/examples.html#native
-keepclasseswithmembernames,includedescriptorclasses class * {
    native <methods>;
}

# Keep setters in Views so that animations can still work.
-keepclassmembers public class * extends android.view.View {
    void set*(***);
    *** get*();
}

# We want to keep methods in Activity that could be used in the XML attribute onClick.
-keepclassmembers class * extends android.app.Activity {
    public void *(android.view.View);
}

# For enumeration classes, see http://proguard.sourceforge.net/manual/examples.html#enumerations
-keepclassmembers enum * {
    public static **[] values();
    public static ** valueOf(java.lang.String);
}

-keepclassmembers class * implements android.os.Parcelable {
    public static final ** CREATOR;
}

# Preserve annotated Javascript interface methods.
-keepclassmembers class * {
    @android.webkit.JavascriptInterface <methods>;
}

# The support libraries contains references to newer platform versions.
# Don't warn about those in case this app is linking against an older
# platform version. We know about them, and they are safe.
-dontnote android.support.**
-dontnote androidx.**
-dontwarn android.support.**
-dontwarn androidx.**

# This class is deprecated, but remains for backward compatibility.
-dontwarn android.util.FloatMath

# Understand the @Keep support annotation.
-keep class android.support.annotation.Keep
-keep class androidx.annotation.Keep

-keep @android.support.annotation.Keep class * {*;}
-keep @androidx.annotation.Keep class * {*;}

-keepclasseswithmembers class * {
    @android.support.annotation.Keep <methods>;
}

-keepclasseswithmembers class * {
    @androidx.annotation.Keep <methods>;
}

-keepclasseswithmembers class * {
    @android.support.annotation.Keep <fields>;
}

-keepclasseswithmembers class * {
    @androidx.annotation.Keep <fields>;
}

-keepclasseswithmembers class * {
    @android.support.annotation.Keep <init>(...);
}

-keepclasseswithmembers class * {
    @androidx.annotation.Keep <init>(...);
}

# These classes are duplicated between android.jar and org.apache.http.legacy.jar.
-dontnote org.apache.http.**
-dontnote android.net.http.**

# These classes are duplicated between android.jar and core-lambda-stubs.jar.
-dontnote java.lang.invoke.**

# End of content from default_proguard_files/global/proguard-android.txt-8.1.1
# The proguard configuration file for the following section is android/app/proguard-rules.pro
# Add project specific ProGuard rules here.
# By default, the flags in this file are appended to flags specified
# in /usr/local/Cellar/android-sdk/24.3.3/tools/proguard/proguard-android.txt
# You can edit the include path and order by changing the proguardFiles
# directive in build.gradle.
#
# For more details, see
#   http://developer.android.com/guide/developing/tools/proguard.html

# Add any project specific keep options here:

# End of content from android/app/proguard-rules.pro
# The proguard configuration file for the following section is aapt_proguard_file/release/aapt_rules.txt
-keep class androidx.core.app.CoreComponentFactory { <init>(); }
-keep class androidx.startup.InitializationProvider { <init>(); }
-keep class com.google.android.datatransport.runtime.backends.TransportBackendDiscovery { <init>(); }
-keep class com.google.android.datatransport.runtime.scheduling.jobscheduling.AlarmManagerSchedulerBroadcastReceiver { <init>(); }
-keep class com.google.android.datatransport.runtime.scheduling.jobscheduling.JobInfoSchedulerService { <init>(); }
-keep class com.google.android.gms.common.api.GoogleApiActivity { <init>(); }
-keep class com.google.android.gms.measurement.AppMeasurementJobService { <init>(); }
-keep class com.google.android.gms.measurement.AppMeasurementReceiver { <init>(); }
-keep class com.google.android.gms.measurement.AppMeasurementService { <init>(); }
-keep class com.google.firebase.components.ComponentDiscoveryService { <init>(); }
-keep class com.google.firebase.iid.FirebaseInstanceIdReceiver { <init>(); }
-keep class com.google.firebase.messaging.FirebaseMessagingService { <init>(); }
-keep class com.google.firebase.provider.FirebaseInitProvider { <init>(); }
-keep class com.rnmonitorapp.MainActivity { <init>(); }
-keep class com.rnmonitorapp.MainApplication { <init>(); }
-keep class com.rnmonitorapp.PDFMonitorService { <init>(); }
-keep class android.widget.Space { <init>(android.content.Context, android.util.AttributeSet); }

-keep class androidx.appcompat.app.AlertController$RecycleListView { <init>(android.content.Context, android.util.AttributeSet); }

-keep class androidx.appcompat.view.menu.ActionMenuItemView { <init>(android.content.Context, android.util.AttributeSet); }

-keep class androidx.appcompat.view.menu.ExpandedMenuView { <init>(android.content.Context, android.util.AttributeSet); }

-keep class androidx.appcompat.view.menu.ListMenuItemView { <init>(android.content.Context, android.util.AttributeSet); }

-keep class androidx.appcompat.widget.ActionBarContainer { <init>(android.content.Context, android.util.AttributeSet); }

-keep class androidx.appcompat.widget.ActionBarContextView { <init>(android.content.Context, android.util.AttributeSet); }

-keep class androidx.appcompat.widget.ActionBarOverlayLayout { <init>(android.content.Context, android.util.AttributeSet); }

-keep class androidx.appcompat.widget.ActionMenuView { <init>(android.content.Context, android.util.AttributeSet); }

-keep class androidx.appcompat.widget.ActivityChooserView$InnerLayout { <init>(android.content.Context, android.util.AttributeSet); }

-keep class androidx.appcompat.widget.AlertDialogLayout { <init>(android.content.Context, android.util.AttributeSet); }

-keep class androidx.appcompat.widget.ButtonBarLayout { <init>(android.content.Context, android.util.AttributeSet); }

-keep class androidx.appcompat.widget.ContentFrameLayout { <init>(android.content.Context, android.util.AttributeSet); }

-keep class androidx.appcompat.widget.DialogTitle { <init>(android.content.Context, android.util.AttributeSet); }

-keep class androidx.appcompat.widget.FitWindowsFrameLayout { <init>(android.content.Context, android.util.AttributeSet); }

-keep class androidx.appcompat.widget.FitWindowsLinearLayout { <init>(android.content.Context, android.util.AttributeSet); }

-keep class androidx.appcompat.widget.SearchView$SearchAutoComplete { <init>(android.content.Context, android.util.AttributeSet); }

-keep class androidx.appcompat.widget.Toolbar { <init>(android.content.Context, android.util.AttributeSet); }

-keep class androidx.appcompat.widget.ViewStubCompat { <init>(android.content.Context, android.util.AttributeSet); }

-keep class androidx.core.widget.NestedScrollView { <init>(android.content.Context, android.util.AttributeSet); }


# End of content from aapt_proguard_file/release/aapt_rules.txt
# The proguard configuration file for the following section is transformed/jetified-react-android-0.73.1-release/proguard.txt
# Copyright (c) Meta Platforms, Inc. and affiliates.
#
# This source code is licensed under the MIT license found in the
# LICENSE file in the root directory of this source tree.

# Add project specific ProGuard rules here.
# By default, the flags in this file are appended to flags specified
# in /usr/local/Cellar/android-sdk/24.3.3/tools/proguard/proguard-android.txt
# You can edit the include path and order by changing the proguardFiles
# directive in build.gradle.
#
# For more details, see
#   http://developer.android.com/guide/developing/tools/proguard.html

# Add any project specific keep options here:

# Disabling obfuscation is useful if you collect stack traces from production crashes
# (unless you are using a system that supports de-obfuscate the stack traces).
# -dontobfuscate

# React Native

# Keep our interfaces so they can be used by other ProGuard rules.
# See http://sourceforge.net/p/proguard/bugs/466/
-keep,allowobfuscation @interface com.facebook.proguard.annotations.DoNotStrip
-keep,allowobfuscation @interface com.facebook.proguard.annotations.KeepGettersAndSetters

# Do not strip any method/class that is annotated with @DoNotStrip
-keep @com.facebook.proguard.annotations.DoNotStrip class *
-keepclassmembers class * {
    @com.facebook.proguard.annotations.DoNotStrip *;
}

-keep @com.facebook.proguard.annotations.DoNotStripAny class * {
    *;
}

-keepclassmembers @com.facebook.proguard.annotations.KeepGettersAndSetters class * {
  void set*(***);
  *** get*();
}

-keep class * implements com.facebook.react.bridge.JavaScriptModule { *; }
-keep class * implements com.facebook.react.bridge.NativeModule { *; }
-keepclassmembers,includedescriptorclasses class * { native <methods>; }
-keepclassmembers class *  { @com.facebook.react.uimanager.annotations.ReactProp <methods>; }
-keepclassmembers class *  { @com.facebook.react.uimanager.annotations.ReactPropGroup <methods>; }

-dontwarn com.facebook.react.**
-keep,includedescriptorclasses class com.facebook.react.bridge.** { *; }
-keep,includedescriptorclasses class com.facebook.react.turbomodule.core.** { *; }

# hermes
-keep class com.facebook.jni.** { *; }


# okio

-keep class sun.misc.Unsafe { *; }
-dontwarn java.nio.file.*
-dontwarn org.codehaus.mojo.animal_sniffer.IgnoreJRERequirement
-dontwarn okio.**

# yoga
-keep,allowobfuscation @interface com.facebook.yoga.annotations.DoNotStrip
-keep @com.facebook.yoga.annotations.DoNotStrip class *
-keepclassmembers class * {
    @com.facebook.yoga.annotations.DoNotStrip *;
}

# End of content from transformed/jetified-react-android-0.73.1-release/proguard.txt
# The proguard configuration file for the following section is transformed/appcompat-1.6.1/proguard.txt
# Copyright (C) 2018 The Android Open Source Project
#
# Licensed under the Apache License, Version 2.0 (the "License");
# you may not use this file except in compliance with the License.
# You may obtain a copy of the License at
#
#      http://www.apache.org/licenses/LICENSE-2.0
#
# Unless required by applicable law or agreed to in writing, software
# distributed under the License is distributed on an "AS IS" BASIS,
# WITHOUT WARRANTIES OR CONDITIONS OF ANY KIND, either express or implied.
# See the License for the specific language governing permissions and
# limitations under the License.

# aapt is not able to read app::actionViewClass and app:actionProviderClass to produce proguard
# keep rules. Add a commonly used SearchView to the keep list until b/109831488 is resolved.
-keep class androidx.appcompat.widget.SearchView { <init>(...); }

# Never inline methods, but allow shrinking and obfuscation.
-keepclassmembernames,allowobfuscation,allowshrinking class androidx.appcompat.widget.AppCompatTextViewAutoSizeHelper$Impl* {
  <methods>;
}

# End of content from transformed/appcompat-1.6.1/proguard.txt
# The proguard configuration file for the following section is META-INF/proguard/okhttp3.pro
# JSR 305 annotations are for embedding nullability information.
-dontwarn javax.annotation.**

# A resource is loaded with a relative path so the package of this class must be preserved.
-keepnames class okhttp3.internal.publicsuffix.PublicSuffixDatabase

# Animal Sniffer compileOnly dependency to ensure APIs are compatible with older versions of Java.
-dontwarn org.codehaus.mojo.animal_sniffer.*

# OkHttp platform used only on JVM and when Conscrypt dependency is available.
-dontwarn okhttp3.internal.platform.ConscryptPlatform

# End of content from META-INF/proguard/okhttp3.pro
# The proguard configuration file for the following section is META-INF/proguard/okio.pro
# Animal Sniffer compileOnly dependency to ensure APIs are compatible with older versions of Java.
-dontwarn org.codehaus.mojo.animal_sniffer.*

# End of content from META-INF/proguard/okio.pro
# The proguard configuration file for the following section is transformed/jetified-play-services-measurement-api-21.5.0/proguard.txt
# Can be removed once we pull in a dependency on firebase-common that includes
# https://github.com/firebase/firebase-android-sdk/pull/1472/commits/856f1ca1151cdd88679bbc778892f23dfa34fc06#diff-a2ed34b5a38b4c6c686b09e54865eb48
-dontwarn com.google.auto.value.AutoValue
-dontwarn com.google.auto.value.AutoValue$Builder

# We keep all fields for every generated proto file as the runtime uses
# reflection over them that ProGuard cannot detect. Without this keep
# rule, fields may be removed that would cause runtime failures.
-keepclassmembers class * extends com.google.android.gms.internal.measurement.zzix {
  <fields>;
}

# End of content from transformed/jetified-play-services-measurement-api-21.5.0/proguard.txt
# The proguard configuration file for the following section is transformed/jetified-fbcore-3.1.3/proguard.txt
# Keep our interfaces so they can be used by other ProGuard rules.
# See http://sourceforge.net/p/proguard/bugs/466/
-keep,allowobfuscation @interface com.facebook.common.internal.DoNotStrip
-keep,allowobfuscation @interface com.facebook.soloader.DoNotOptimize

# Do not strip any method/class that is annotated with @DoNotStrip
-keep @com.facebook.common.internal.DoNotStrip class *
-keepclassmembers class * {
    @com.facebook.common.internal.DoNotStrip *;
}

# Do not strip any method/class that is annotated with @DoNotOptimize
-keep @com.facebook.soloader.DoNotOptimize class *
-keepclassmembers class * {
    @com.facebook.soloader.DoNotOptimize *;
}

# Keep native methods
-keepclassmembers class com.facebook.** {
    native <methods>;
}

# Do not strip SoLoader class and init method
-keep public class com.facebook.soloader.SoLoader {
    public static void init(android.content.Context, int);
}

-dontwarn okio.**
-dontwarn com.squareup.okhttp.**
-dontwarn okhttp3.**
-dontwarn javax.annotation.**
-dontwarn com.android.volley.toolbox.**
-dontwarn com.facebook.infer.**

# End of content from transformed/jetified-fbcore-3.1.3/proguard.txt
# The proguard configuration file for the following section is transformed/jetified-play-services-measurement-21.5.0/proguard.txt
# We keep all fields for every generated proto file as the runtime uses
# reflection over them that ProGuard cannot detect. Without this keep
# rule, fields may be removed that would cause runtime failures.
-keepclassmembers class * extends com.google.android.gms.internal.measurement.zzix {
  <fields>;
}

# End of content from transformed/jetified-play-services-measurement-21.5.0/proguard.txt
# The proguard configuration file for the following section is transformed/jetified-play-services-measurement-sdk-21.5.0/proguard.txt
# We keep all fields for every generated proto file as the runtime uses
# reflection over them that ProGuard cannot detect. Without this keep
# rule, fields may be removed that would cause runtime failures.
-keepclassmembers class * extends com.google.android.gms.internal.measurement.zzix {
  <fields>;
}

# End of content from transformed/jetified-play-services-measurement-sdk-21.5.0/proguard.txt
# The proguard configuration file for the following section is transformed/jetified-play-services-measurement-impl-21.5.0/proguard.txt
# We keep all fields for every generated proto file as the runtime uses
# reflection over them that ProGuard cannot detect. Without this keep
# rule, fields may be removed that would cause runtime failures.
-keepclassmembers class * extends com.google.android.gms.internal.measurement.zzix {
  <fields>;
}

# End of content from transformed/jetified-play-services-measurement-impl-21.5.0/proguard.txt
# The proguard configuration file for the following section is transformed/jetified-play-services-base-18.0.1/proguard.txt
# b/35135904 Ensure that proguard will not strip the mResultGuardian.
-keepclassmembers class com.google.android.gms.common.api.internal.BasePendingResult {
  com.google.android.gms.common.api.internal.BasePendingResult$ReleasableResultGuardian mResultGuardian;
}



# End of content from transformed/jetified-play-services-base-18.0.1/proguard.txt
# The proguard configuration file for the following section is transformed/jetified-firebase-common-20.4.2/proguard.txt
-dontwarn com.google.firebase.platforminfo.KotlinDetector
-dontwarn com.google.auto.value.AutoValue
-dontwarn com.google.auto.value.AutoValue$Builder

# End of content from transformed/jetified-firebase-common-20.4.2/proguard.txt
# The proguard configuration file for the following section is transformed/jetified-play-services-measurement-sdk-api-21.5.0/proguard.txt
# We keep all fields for every generated proto file as the runtime uses
# reflection over them that ProGuard cannot detect. Without this keep
# rule, fields may be removed that would cause runtime failures.
-keepclassmembers class * extends com.google.android.gms.internal.measurement.zzix {
  <fields>;
}

# End of content from transformed/jetified-play-services-measurement-sdk-api-21.5.0/proguard.txt
# The proguard configuration file for the following section is transformed/jetified-play-services-measurement-base-21.5.0/proguard.txt
# We keep all fields for every generated proto file as the runtime uses
# reflection over them that ProGuard cannot detect. Without this keep
# rule, fields may be removed that would cause runtime failures.
-keepclassmembers class * extends com.google.android.gms.internal.measurement.zzix {
  <fields>;
}

# End of content from transformed/jetified-play-services-measurement-base-21.5.0/proguard.txt
# The proguard configuration file for the following section is transformed/jetified-play-services-tasks-18.0.2/proguard.txt


# End of content from transformed/jetified-play-services-tasks-18.0.2/proguard.txt
# The proguard configuration file for the following section is transformed/jetified-play-services-basement-18.1.0/proguard.txt
# Needed when building against pre-Marshmallow SDK.
-dontwarn android.security.NetworkSecurityPolicy

# Needed when building against Marshmallow SDK.
-dontwarn android.app.Notification

# Protobuf has references not on the Android boot classpath
-dontwarn sun.misc.Unsafe
-dontwarn libcore.io.Memory

# Internal Google annotations for generating Proguard keep rules.
-dontwarn com.google.android.apps.common.proguard.UsedBy*