android/app/build/outputs/mapping/release/seeds.txt
com.rnmonitorapp.MainApplication
com.rnmonitorapp.MainActivity
com.rnmonitorapp.PDFMonitorService
com.rnmonitorapp.PowerManagerModule
com.rnmonitorapp.PowerManagerModule: void requestIgnoreBatteryOptimizations(java.lang.String,com.facebook.react.bridge.Promise)
com.rnmonitorapp.PowerManagerModule: PowerManagerModule(com.facebook.react.bridge.ReactApplicationContext)
com.rnmonitorapp.PDFMonitorService: PDFMonitorService()
com.rnmonitorapp.MainActivity: MainActivity()
com.rnmonitorapp.PowerManagerModule: java.lang.String getName()
com.rnmonitorapp.PowerManagerModule: void isIgnoringBatteryOptimizations(java.lang.String,com.facebook.react.bridge.Promise)
com.rnmonitorapp.MainApplication: MainApplication()
...
com.facebook.react.bridge.CatalystInstanceImpl: com.facebook.react.bridge.RuntimeExecutor getRuntimeExecutor()
com.facebook.react.views.swiperefresh.SwipeRefreshLayoutManager: android.view.View createViewInstance(com.facebook.react.uimanager.ThemedReactContext)
com.facebook.react.views.textinput.ReactTextInputManager: void setColor(com.facebook.react.views.textinput.ReactEditText,java.lang.Integer)
com.facebook.react.bridge.JavaOnlyArray: void pushInt(int)
androidx.core.widget.NestedScrollView: NestedScrollView(android.content.Context,android.util.AttributeSet)
com.facebook.yoga.YogaNative: void jni_YGNodeSetStyleInputsJNI(long,float[],int)
androidx.vectordrawable.graphics.drawable.VectorDrawableCompat$VPath: java.lang.String getPathName()
com.facebook.fbreact.specs.NativeJSCSamplingProfilerSpec: NativeJSCSamplingProfilerSpec(com.facebook.react.bridge.ReactApplicationContext)
com.facebook.react.modules.core.DeviceEventManagerModule: void emitHardwareBackPressed()
com.facebook.react.bridge.CxxModuleWrapperBase: boolean canOverrideExistingModule()
com.facebook.hermes.intl.Intl: java.lang.String toLocaleLowerCase(java.util.List,java.lang.String)
androidx.core.view.WindowInsetsCompat$BuilderImpl29: void setStableInsets(androidx.core.graphics.Insets)
com.facebook.react.views.modal.ReactModalHostManager: void addEventEmitters(com.facebook.react.uimanager.ThemedReactContext,com.facebook.react.views.modal.ReactModalHostView)
com.facebook.react.views.text.ReactTextViewManager: android.view.View prepareToRecycleView(com.facebook.react.uimanager.ThemedReactContext,android.view.View)
com.google.firebase.messaging.FirebaseMessagingKtxRegistrar: FirebaseMessagingKtxRegistrar()
com.facebook.react.bridge.CatalystInstanceImpl$JSProfilerTraceListener: CatalystInstanceImpl$JSProfilerTraceListener(com.facebook.react.bridge.CatalystInstanceImpl)
com.facebook.fbreact.specs.NativeDialogManagerAndroidSpec: java.lang.String getName()
androidx.appcompat.widget.Toolbar: Toolbar(android.content.Context,android.util.AttributeSet)
androidx.appcompat.widget.AppCompatButton: int[] getAutoSizeTextAvailableSizes()
com.facebook.yoga.YogaNative: void jni_YGNodeStyleSetMinWidthPercentJNI(long,float)
com.facebook.react.bridge.Arguments$1: Arguments$1(java.lang.Object)
com.facebook.react.animated.NativeAnimatedModule: void extractAnimatedNodeOffset(double)
com.facebook.yoga.YogaNative: float jni_YGNodeStyleGetFlexJNI(long)
com.facebook.react.views.image.ReactImageView: void setLoadingIndicatorSource(java.lang.String)
com.facebook.react.bridge.ReactContext: boolean runOnJSQueueThread(java.lang.Runnable)
com.facebook.react.bridge.JSBundleLoader: com.facebook.react.bridge.JSBundleLoader createCachedSplitBundleFromNetworkLoader(java.lang.String,java.lang.String)
com.facebook.react.uimanager.BaseViewManager: void setBackgroundColor(android.view.View,int)
com.dieam.reactnativepushnotification.modules.RNPushNotification: void onActivityResult(int,int,android.content.Intent)
androidx.lifecycle.ReportFragment$LifecycleCallbacks: void onActivityPreStopped(android.app.Activity)
androidx.appcompat.widget.AppCompatButton: android.graphics.PorterDuff$Mode getSupportBackgroundTintMode()
com.facebook.react.modules.blob.BlobModule: java.util.Map getTypedExportedConstants()
com.facebook.react.views.scroll.ReactHorizontalScrollViewManager: void setNestedScrollEnabled(com.facebook.react.views.scroll.ReactHorizontalScrollView,boolean)
com.facebook.react.modules.blob.FileReaderModule: com.facebook.react.modules.blob.BlobModule getBlobModule(java.lang.String)
com.google.firebase.messaging.reporting.MessagingClientEvent$SDKPlatform: com.google.firebase.messaging.reporting.MessagingClientEvent$SDKPlatform valueOf(java.lang.String)
com.facebook.react.views.drawer.ReactDrawerLayoutManager: void setDrawerWidth(com.facebook.react.views.drawer.ReactDrawerLayout,java.lang.Float)
androidx.appcompat.widget.DropDownListView$Api21Impl: void drawableHotspotChanged(android.view.View,float,float)