android/app/build/outputs/mapping/release/mapping.txt
# compiler: R8
# compiler_version: 8.1.65
# min_api: 21
# common_typos_disable
# {"id":"com.android.tools.r8.mapping","version":"2.2"}
# pg_map_id: 1f05cb6
# pg_map_hash: SHA-256 1f05cb6e1ccb2d8dc54f8a6c2582188b08327f0d5cc7d46b150b8bbda71c9233
com.rnmonitorapp.MainActivity -> com.rnmonitorapp.MainActivity:
    1:1:com.facebook.react.ReactActivityDelegate createReactActivityDelegate():0:0 -> T
      # {"id":"com.android.tools.r8.residualsignature","signature":"()Lcom/facebook/react/q;"}
    1:1:java.lang.String getMainComponentName():0:0 -> U
com.rnmonitorapp.MainApplication -> com.rnmonitorapp.MainApplication:
    com.facebook.react.ReactNativeHost reactNativeHost -> m
    1:1:com.facebook.react.ReactNativeHost getReactNativeHost():0:0 -> a
      # {"id":"com.android.tools.r8.residualsignature","signature":"()Lcom/facebook/react/h0;"}
    1:1:com.facebook.react.ReactHost getReactHost():0:0 -> b
      # {"id":"com.android.tools.r8.residualsignature","signature":"()Lcom/facebook/react/u;"}
com.rnmonitorapp.MainApplication$reactNativeHost$1 -> com.rnmonitorapp.MainApplication$a:
    boolean isNewArchEnabled -> c
    boolean isHermesEnabled -> d
    1:1:java.lang.String getJSMainModuleName():0:0 -> h
    1:1:java.util.List getPackages():0:0 -> k
    1:1:boolean getUseDeveloperSupport():0:0 -> q
    1:1:java.lang.Boolean isHermesEnabled():0:0 -> s
    1:1:boolean isNewArchEnabled():0:0 -> t
com.rnmonitorapp.PDFMonitorService -> com.rnmonitorapp.PDFMonitorService:
    android.os.PowerManager$WakeLock wakeLock -> o
    long TIMEOUT -> p
    1:1:com.facebook.react.jstasks.HeadlessJsTaskConfig getTaskConfig(android.content.Intent):0:0 -> e
      # {"id":"com.android.tools.r8.residualsignature","signature":"(Landroid/content/Intent;)Li3/a;"}
    1:1:void acquireWakeLock():0:0 -> h
    1:1:android.app.Notification buildNotification():0:0 -> i
    1:1:boolean checkPermissions():0:0 -> j
    1:1:void createNotificationChannel():0:0 -> k
com.rnmonitorapp.PDFMonitorService$$ExternalSyntheticApiModelOutline0 -> c7.a:
# {"id":"sourceFile","fileName":"R8$$SyntheticClass"}
# {"id":"com.android.tools.r8.synthesized"}
    1:1:java.lang.Object com.rnmonitorapp.PDFMonitorService$$InternalSyntheticApiModelOutline$1$600881db6a76b124e08a7f676560d060887236741b2602d1f0f4f2dcb665e778$1.m(com.rnmonitorapp.PDFMonitorService,java.lang.Class):0:0 -> a
      # {"id":"com.android.tools.r8.synthesized"}
com.rnmonitorapp.PowerManagerModule$$ExternalSyntheticApiModelOutline0 -> c7.b:
# {"id":"sourceFile","fileName":"R8$$SyntheticClass"}
# {"id":"com.android.tools.r8.synthesized"}
    1:1:boolean com.rnmonitorapp.PowerManagerModule$$InternalSyntheticApiModelOutline$1$cefbce3e852c00af3ac1e2af86d7a6593f1a915df8f50916e58b6f5740a0127e$0.m(android.os.PowerManager,java.lang.String):0:0 -> a
      # {"id":"com.android.tools.r8.synthesized"}
com.rnmonitorapp.PowerManagerPackage -> c7.c:
    void <init>() -> <init>
    1:1:java.util.List createNativeModules(com.facebook.react.bridge.ReactApplicationContext):0:0 -> e
    1:1:java.util.List createViewManagers(com.facebook.react.bridge.ReactApplicationContext):0:0 -> f
...
com.facebook.soloader.SysUtil$Api14Utils -> com.facebook.soloader.SysUtil$Api14Utils:
    1:1:java.lang.String getClassLoaderLdLoadLibrary():0:0 -> a
com.facebook.soloader.SysUtil$MarshmallowSysdeps -> com.facebook.soloader.SysUtil$MarshmallowSysdeps:
    1:1:boolean isApkUncompressedDso(android.content.Context):0:0 -> a
    1:1:boolean isDisabledExtractNativeLibs(android.content.Context):0:0 -> b
    1:1:boolean isSupportedDirectLoad(android.content.Context,int):0:0 -> c
com.facebook.soloader.SysUtil$MarshmallowSysdeps$$ExternalSyntheticApiModelOutline0 -> com.facebook.soloader.r:
# {"id":"sourceFile","fileName":"R8$$SyntheticClass"}
# {"id":"com.android.tools.r8.synthesized"}
    1:1:boolean com.facebook.soloader.SysUtil$MarshmallowSysdeps$$InternalSyntheticApiModelOutline$1$3329a6121b31446f97d1d50d476c5d80b90745f1981c8041fd1aa401026e0da2$0.m():0:0 -> a
      # {"id":"com.android.tools.r8.synthesized"}
com.facebook.soloader.UnpackingSoSource -> com.facebook.soloader.s:
    android.content.Context mContext -> d
    java.lang.String mCorruptedLib -> e
    com.facebook.soloader.FileLocker mInstanceLock -> f
    java.lang.String[] mAbis -> g
    java.util.Map mLibsBeingLoaded -> h
    1:1:int loadLibrary(java.lang.String,int,android.os.StrictMode$ThreadPolicy):0:0 -> a
    1:1:void prepare(int):0:0 -> b
    1:1:void access$000(java.io.File,byte):0:0 -> i
    1:1:java.lang.Runnable createSyncer(com.facebook.soloader.FileLocker,byte[],java.io.File,java.io.File,com.facebook.soloader.UnpackingSoSource$DsoManifest,java.lang.Boolean):0:0 -> j
      # {"id":"com.android.tools.r8.residualsignature","signature":"(Lcom/facebook/soloader/k;[BLjava/io/File;Ljava/io/File;Lcom/facebook/soloader/s$c;Ljava/lang/Boolean;)Ljava/lang/Runnable;"}
    1:1:void deleteUnmentionedFiles(com.facebook.soloader.UnpackingSoSource$Dso[]):0:0 -> k
      # {"id":"com.android.tools.r8.residualsignature","signature":"([Lcom/facebook/soloader/s$b;)V"}
    1:1:boolean depsChanged(byte[],byte[]):0:0 -> l
    1:1:void extractDso(com.facebook.soloader.UnpackingSoSource$InputDso,byte[]):0:0 -> m
      # {"id":"com.android.tools.r8.residualsignature","signature":"(Lcom/facebook/soloader/s$d;[B)V"}
    1:1:void extractDsoImpl(com.facebook.soloader.UnpackingSoSource$InputDso,byte[]):0:0 -> n
      # {"id":"com.android.tools.r8.residualsignature","signature":"(Lcom/facebook/soloader/s$d;[B)V"}
com.facebook.soloader.UnpackingSoSource$1 -> com.facebook.soloader.s$a:
    java.io.File val$depsFileName -> m
    byte[] val$deps -> n
    com.facebook.soloader.UnpackingSoSource$DsoManifest val$manifest -> o
    java.io.File val$stateFileName -> p
    com.facebook.soloader.FileLocker val$lock -> q
    java.lang.Boolean val$quietly -> r
    com.facebook.soloader.UnpackingSoSource this$0 -> s
com.facebook.soloader.UnpackingSoSource$Dso -> com.facebook.soloader.s$b:
    java.lang.String name -> m
    java.lang.String hash -> n
com.facebook.soloader.UnpackingSoSource$DsoManifest -> com.facebook.soloader.s$c:
    com.facebook.soloader.UnpackingSoSource$Dso[] dsos -> a
    1:1:com.facebook.soloader.UnpackingSoSource$DsoManifest read(java.io.DataInput):0:0 -> a
      # {"id":"com.android.tools.r8.residualsignature","signature":"(Ljava/io/DataInput;)Lcom/facebook/soloader/s$c;"}
    1:1:void write(java.io.DataOutput):0:0 -> b
com.facebook.soloader.UnpackingSoSource$InputDso -> com.facebook.soloader.s$d:
    void write(java.io.DataOutput,byte[]) -> B0
    com.facebook.soloader.UnpackingSoSource$Dso getDso() -> Z
      # {"id":"com.android.tools.r8.residualsignature","signature":"()Lcom/facebook/soloader/s$b;"}
    java.lang.String getFileName() -> y
com.facebook.soloader.UnpackingSoSource$InputDsoIterator -> com.facebook.soloader.s$e:
    boolean hasNext() -> a
    com.facebook.soloader.UnpackingSoSource$InputDso next() -> c
      # {"id":"com.android.tools.r8.residualsignature","signature":"()Lcom/facebook/soloader/s$d;"}